[2018-05-17 13:21:04] START
[2018-05-17 13:22:56] EDIT shavetzion/controllers/default.py: 0
[2018-05-17 13:24:30] EDIT shavetzion/controllers/default.py: 0
[2018-05-17 13:25:00] EDIT shavetzion/controllers/default.py: 0
[2018-05-17 13:25:19] EDIT shavetzion/controllers/default.py: 0
[2018-05-17 13:25:52] EDIT shavetzion/views/default/index.html: 3
[2018-05-17 13:34:36] EDIT shavetzion/models/db.py: -22
[2018-05-17 13:35:54] CREATE persons.py: 0
[2018-05-17 13:43:18] EDIT shavetzion/models/persons.py: 6
[2018-05-28 05:08:42] EDIT shavetzion/private/appconfig.ini: 0
[2018-05-28 05:11:54] EDIT shavetzion/private/appconfig.ini: 1
[2018-05-29 05:08:25] EDIT shavetzion/ABOUT: -1
[2018-05-29 07:17:54] EDIT shavetzion/private/appconfig.ini: 0
[2018-05-29 07:20:57] EDIT shavetzion/controllers/default.py: 1
[2018-05-29 07:23:07] EDIT shavetzion/controllers/default.py: -1
[2018-05-29 07:25:19] EDIT shavetzion/controllers/default.py: 1
[2018-05-29 07:25:40] EDIT shavetzion/controllers/default.py: 0
[2018-05-29 07:26:09] EDIT shavetzion/controllers/default.py: 0
[2018-05-29 07:26:43] EDIT shavetzion/controllers/default.py: 0
[2018-05-29 07:27:16] EDIT shavetzion/controllers/default.py: 0
[2018-05-29 07:27:52] EDIT shavetzion/controllers/default.py: 0
[2018-05-29 07:28:30] EDIT shavetzion/controllers/default.py: 0
[2018-05-29 07:34:39] EDIT shavetzion/controllers/default.py: -1
[2018-05-30 16:36:44] EDIT shavetzion/models/db.py: 0
[2018-05-30 17:38:25] EDIT shavetzion/controllers/default.py: 1
[2018-05-30 17:45:24] EDIT shavetzion/controllers/default.py: 3
[2018-05-31 05:56:36] EDIT shavetzion/controllers/default.py: 0
[2018-05-31 05:57:08] EDIT shavetzion/controllers/default.py: 0
[2018-05-31 05:57:31] EDIT shavetzion/controllers/default.py: -1
[2018-05-31 05:58:06] DELETE shavetzion/models/persons.py: -6
[2018-05-31 05:58:23] CREATE tfila.py: 0
[2018-05-31 05:58:35] CREATE when.py: 0
[2018-05-31 05:58:46] CREATE neder.py: 0
[2018-05-31 05:58:57] CREATE fellow.py: 0
[2018-05-31 06:01:46] EDIT shavetzion/models/fellow.py: 1
[2018-05-31 06:03:27] EDIT shavetzion/models/db.py: 0
[2018-05-31 06:06:25] EDIT shavetzion/models/db.py: 0
[2018-05-31 06:06:32] EDIT shavetzion/models/db.py: 0
[2018-05-31 06:07:08] EDIT shavetzion/models/fellow.py: -1
[2018-05-31 06:07:39] EDIT shavetzion/models/db.py: 0
[2018-05-31 06:08:36] EDIT shavetzion/models/fellow.py: 1
[2018-05-31 11:18:23] EDIT shavetzion/models/tfila.py: 1
[2018-05-31 11:29:39] EDIT shavetzion/models/tfila.py: 0
[2018-05-31 11:32:17] EDIT shavetzion/models/when.py: 1
[2018-05-31 11:38:20] EDIT shavetzion/models/neder.py: 6
[2018-05-31 11:39:11] EDIT shavetzion/models/neder.py: 0
[2018-05-31 11:40:36] EDIT shavetzion/models/neder.py: 0
[2018-05-31 11:41:18] EDIT shavetzion/models/tfila.py: -1
[2018-05-31 11:41:26] EDIT shavetzion/models/neder.py: 1
[2018-05-31 11:42:24] CREATE all_tables.py: 0
[2018-05-31 11:42:38] EDIT shavetzion/models/neder.py: -7
[2018-05-31 11:42:43] EDIT shavetzion/models/all_tables.py: 7
[2018-05-31 11:43:00] EDIT shavetzion/models/all_tables.py: 1
[2018-05-31 11:43:16] EDIT shavetzion/models/fellow.py: -1
[2018-05-31 11:43:36] EDIT shavetzion/models/when.py: -1
[2018-05-31 11:43:42] EDIT shavetzion/models/all_tables.py: 1
[2018-05-31 11:44:08] DELETE shavetzion/models/fellow.py: 0
[2018-05-31 11:44:13] DELETE shavetzion/models/tfila.py: 0
[2018-05-31 11:44:17] DELETE shavetzion/models/when.py: 0
[2018-05-31 11:44:23] DELETE shavetzion/models/neder.py: 0
[2018-05-31 11:45:49] CREATE tables.py: 0
[2018-05-31 11:45:56] EDIT shavetzion/models/tables.py: 9
[2018-05-31 11:45:57] EDIT shavetzion/models/tables.py: 0
[2018-05-31 11:46:05] DELETE shavetzion/models/all_tables.py: -9
[2018-05-31 11:47:06] EDIT shavetzion/models/tables.py: 0
[2018-05-31 11:47:53] EDIT shavetzion/models/tables.py: 0
[2018-05-31 11:48:35] EDIT shavetzion/models/tables.py: 0
[2018-05-31 11:48:59] EDIT shavetzion/models/tables.py: 0
[2018-05-31 13:26:23] EDIT shavetzion/controllers/default.py: -1
[2018-05-31 14:49:58] EDIT shavetzion/controllers/default.py: 1
[2018-05-31 14:51:58] EDIT shavetzion/controllers/default.py: 0
[2018-05-31 14:53:55] CREATE default/show.html: 0
[2018-05-31 14:54:18] EDIT shavetzion/views/default/show.html: 1
[2018-05-31 14:55:10] EDIT shavetzion/views/default/show.html: -1
[2018-05-31 15:02:32] EDIT shavetzion/controllers/default.py: 0
[2018-05-31 15:06:01] EDIT shavetzion/models/tables.py: 1
[2018-05-31 15:06:31] EDIT shavetzion/controllers/default.py: 0
[2018-06-01 08:22:54] EDIT shavetzion/controllers/default.py: 0
[2018-06-03 06:10:09] EDIT shavetzion/controllers/default.py: 6
[2018-06-03 06:11:33] CREATE default/show_person.html: 0
[2018-06-03 06:15:44] CREATE default/show_fellow.html: 0
[2018-06-03 06:22:24] EDIT shavetzion/controllers/default.py: 0
[2018-06-03 06:23:04] EDIT shavetzion/controllers/default.py: 0
[2018-06-03 06:23:37] EDIT shavetzion/controllers/default.py: 0
[2018-06-03 06:24:03] EDIT shavetzion/controllers/default.py: 0
[2018-06-03 06:55:35] EDIT shavetzion/models/tables.py: 0
[2018-06-03 06:57:01] EDIT shavetzion/models/tables.py: 0
[2018-06-03 06:58:43] EDIT shavetzion/models/tables.py: 0
[2018-06-03 07:02:28] EDIT shavetzion/models/tables.py: 0
[2018-06-03 07:03:46] EDIT shavetzion/models/tables.py: 0
[2018-06-03 07:04:10] EDIT shavetzion/models/tables.py: 0
[2018-06-03 07:04:20] EDIT shavetzion/models/tables.py: 0
[2018-06-03 07:04:25] EDIT shavetzion/models/tables.py: 0
[2018-06-03 07:05:09] EDIT shavetzion/models/tables.py: 2
[2018-06-03 08:25:34] EDIT shavetzion/controllers/default.py: 0
[2018-06-03 08:28:07] EDIT shavetzion/models/tables.py: 0
[2018-06-03 08:28:27] EDIT shavetzion/models/tables.py: 0
[2018-06-03 08:28:28] EDIT shavetzion/models/tables.py: 0
[2018-06-03 08:30:01] EDIT shavetzion/models/tables.py: 0
[2018-06-03 09:24:33] EDIT shavetzion/models/tables.py: 0
[2018-06-03 09:30:10] EDIT shavetzion/views/default/show_fellow.html: 5
[2018-06-03 09:31:34] EDIT shavetzion/controllers/default.py: 1
[2018-06-03 09:32:29] EDIT shavetzion/views/default/show_fellow.html: 1
[2018-06-03 09:33:59] EDIT shavetzion/views/default/show_fellow.html: -1
[2018-06-04 06:02:29] EDIT shavetzion/models/tables.py: 0
[2018-06-04 06:02:57] EDIT shavetzion/models/tables.py: 0
[2018-06-04 06:03:31] EDIT shavetzion/models/tables.py: 0
[2018-06-04 06:51:00] EDIT shavetzion/controllers/default.py: 0
[2018-06-04 07:09:46] EDIT shavetzion/controllers/default.py: 3
[2018-06-04 07:10:34] EDIT shavetzion/controllers/default.py: 0
[2018-06-04 07:11:42] EDIT shavetzion/controllers/default.py: 0
[2018-06-04 07:11:58] EDIT shavetzion/controllers/default.py: 0
[2018-06-04 07:12:09] EDIT shavetzion/controllers/default.py: 0
[2018-06-04 07:13:07] CREATE default/mitpalel.html: 0
[2018-06-04 07:27:29] EDIT shavetzion/controllers/default.py: 0
[2018-06-04 07:28:30] EDIT shavetzion/views/default/mitpalel.html: -1
[2018-06-04 07:50:13] EDIT shavetzion/views/default/show.html: 0
[2018-06-04 07:54:59] EDIT shavetzion/controllers/default.py: 0
[2018-06-04 07:56:11] CREATE default/show_parashot.html: 0
[2018-06-04 18:38:16] EDIT shavetzion/views/default/show_fellow.html: 0
[2018-06-04 18:39:06] EDIT shavetzion/views/default/show_fellow.html: 0
[2018-06-04 18:39:09] EDIT shavetzion/views/default/show_fellow.html: 0
[2018-06-04 18:40:04] EDIT shavetzion/views/default/show_fellow.html: -1
[2018-06-04 18:40:51] EDIT shavetzion/views/default/show_fellow.html: 0
[2018-06-04 18:41:14] EDIT shavetzion/views/default/show_fellow.html: 0
[2018-06-04 18:42:02] EDIT shavetzion/views/default/show_fellow.html: 0
[2018-06-04 18:42:40] EDIT shavetzion/views/default/show_fellow.html: 0
[2018-06-04 18:43:12] EDIT shavetzion/views/default/show_fellow.html: 0
[2018-06-04 18:45:21] EDIT shavetzion/controllers/default.py: 0
[2018-06-04 18:45:48] EDIT shavetzion/views/default/show_fellow.html: 0
[2018-06-05 17:25:39] EDIT shavetzion/views/default/show_fellow.html: 1
[2018-06-05 17:32:49] EDIT shavetzion/views/default/show_fellow.html: 0
[2018-06-05 17:42:59] EDIT shavetzion/views/default/show_fellow.html: 8
[2018-06-06 15:23:28] EDIT shavetzion/views/default/show_fellow.html: -8
[2018-06-06 15:23:58] EDIT shavetzion/views/default/show_fellow.html: 0
[2018-06-06 15:24:06] EDIT shavetzion/views/default/show_fellow.html: 0
[2018-06-06 15:24:35] EDIT shavetzion/views/default/show_fellow.html: 0
[2018-06-06 15:24:57] EDIT shavetzion/views/default/show_fellow.html: 0
[2018-06-06 15:25:41] EDIT shavetzion/views/default/show_fellow.html: 0
[2018-06-06 15:27:10] EDIT shavetzion/views/default/show_fellow.html: 0
[2018-06-06 16:17:00] EDIT shavetzion/views/default/show_fellow.html: 0
[2018-06-06 16:19:47] EDIT shavetzion/views/default/show_fellow.html: 2
[2018-06-06 16:20:27] EDIT shavetzion/controllers/default.py: 2
[2018-06-06 16:25:43] EDIT shavetzion/controllers/default.py: 4
[2018-06-06 16:26:21] CREATE default/show_fellow2.html: 0
[2018-06-06 16:28:48] EDIT shavetzion/controllers/default.py: 0
[2018-06-06 16:29:51] EDIT shavetzion/controllers/default.py: 0
[2018-06-06 16:34:46] EDIT shavetzion/controllers/default.py: -2
[2018-06-06 16:35:24] EDIT shavetzion/controllers/default.py: 0
[2018-06-06 16:35:54] EDIT shavetzion/controllers/default.py: 0
[2018-06-06 16:36:34] EDIT shavetzion/views/default/show_fellow.html: 1
[2018-06-06 16:38:52] EDIT shavetzion/controllers/default.py: 0
[2018-06-06 16:39:45] EDIT shavetzion/controllers/default.py: 0
[2018-06-06 16:40:09] EDIT shavetzion/controllers/default.py: 0
[2018-06-06 16:40:35] EDIT shavetzion/controllers/default.py: 0
[2018-06-06 16:40:43] EDIT shavetzion/controllers/default.py: 0
[2018-06-06 16:42:05] EDIT shavetzion/controllers/default.py: 0
[2018-06-06 16:42:51] EDIT shavetzion/controllers/default.py: 1
[2018-06-06 16:44:50] EDIT shavetzion/controllers/default.py: 0
[2018-06-06 16:45:15] EDIT shavetzion/controllers/default.py: 0
[2018-06-06 16:46:03] EDIT shavetzion/controllers/default.py: 0
[2018-06-06 16:46:40] EDIT shavetzion/controllers/default.py: 0
[2018-06-06 16:47:03] EDIT shavetzion/controllers/default.py: 0
[2018-06-06 16:47:53] EDIT shavetzion/views/default/show_fellow.html: -1
[2018-06-06 16:48:33] EDIT shavetzion/controllers/default.py: 0
[2018-06-06 16:49:31] EDIT shavetzion/controllers/default.py: 0
[2018-06-06 16:49:49] EDIT shavetzion/controllers/default.py: 0
[2018-06-06 16:50:09] EDIT shavetzion/controllers/default.py: 0
[2018-06-06 16:50:54] EDIT shavetzion/controllers/default.py: 0
[2018-06-06 16:55:42] EDIT shavetzion/controllers/default.py: 1
[2018-06-06 16:55:58] EDIT shavetzion/controllers/default.py: 0
[2018-06-06 17:39:46] EDIT shavetzion/controllers/default.py: 0
[2018-06-06 17:40:11] EDIT shavetzion/controllers/default.py: 0
[2018-06-06 17:41:12] EDIT shavetzion/controllers/default.py: 0
[2018-06-06 17:42:13] EDIT shavetzion/controllers/default.py: 0
[2018-06-06 17:44:25] EDIT shavetzion/controllers/default.py: 0
[2018-06-06 17:46:28] EDIT shavetzion/controllers/default.py: 0
[2018-06-06 17:48:23] EDIT shavetzion/views/default/show_fellow.html: 0
[2018-06-06 17:48:38] EDIT shavetzion/controllers/default.py: 0
[2018-06-06 18:48:23] EDIT shavetzion/controllers/default.py: 1
[2018-06-06 18:48:58] EDIT shavetzion/controllers/default.py: 0
[2018-06-06 18:49:22] EDIT shavetzion/controllers/default.py: 0
[2018-06-06 18:50:33] EDIT shavetzion/controllers/default.py: 0
[2018-06-06 18:50:35] EDIT shavetzion/controllers/default.py: 0
[2018-06-06 18:52:35] EDIT shavetzion/controllers/default.py: 1
[2018-06-06 18:53:04] EDIT shavetzion/controllers/default.py: 0
[2018-06-06 18:53:18] EDIT shavetzion/controllers/default.py: 0
[2018-06-06 18:53:33] EDIT shavetzion/controllers/default.py: 0
[2018-06-06 18:54:11] EDIT shavetzion/controllers/default.py: 0
[2018-06-06 18:54:16] EDIT shavetzion/controllers/default.py: 0
[2018-06-06 18:55:43] EDIT shavetzion/controllers/default.py: 0
[2018-06-06 18:57:22] EDIT shavetzion/models/tables.py: 0
[2018-06-06 18:57:45] EDIT shavetzion/controllers/default.py: -1
[2018-06-06 18:58:27] EDIT shavetzion/models/tables.py: 0
[2018-06-06 19:03:56] EDIT shavetzion/controllers/default.py: 0
[2018-06-06 19:04:07] EDIT shavetzion/controllers/default.py: -1
[2018-06-06 19:05:12] EDIT shavetzion/controllers/default.py: 0
[2018-06-06 19:13:47] EDIT shavetzion/views/default/show_fellow.html: 1
[2018-06-06 19:14:16] EDIT shavetzion/views/default/show_fellow.html: 0
[2018-06-06 19:20:47] EDIT shavetzion/views/default/show_fellow.html: -1
[2018-06-06 19:21:44] EDIT shavetzion/controllers/default.py: 0
[2018-06-06 19:21:59] EDIT shavetzion/controllers/default.py: 0
[2018-06-06 19:22:58] EDIT shavetzion/controllers/default.py: 0
[2018-06-06 19:23:35] EDIT shavetzion/controllers/default.py: 0
[2018-06-06 19:23:47] EDIT shavetzion/controllers/default.py: 0
[2018-06-06 19:27:36] EDIT shavetzion/controllers/default.py: 1
[2018-06-06 19:28:10] EDIT shavetzion/controllers/default.py: 0
[2018-06-06 19:29:01] EDIT shavetzion/controllers/default.py: 0
[2018-06-06 19:31:24] EDIT shavetzion/controllers/default.py: 0
[2018-06-06 19:32:06] EDIT shavetzion/controllers/default.py: 0
[2018-06-06 19:34:46] EDIT shavetzion/controllers/default.py: 2
[2018-06-06 19:35:29] EDIT shavetzion/controllers/default.py: 0
[2018-06-06 19:35:59] EDIT shavetzion/controllers/default.py: 0
[2018-06-06 19:38:03] EDIT shavetzion/controllers/default.py: 0
[2018-06-06 19:39:04] EDIT shavetzion/controllers/default.py: 0
[2018-06-06 19:39:58] EDIT shavetzion/controllers/default.py: 0
[2018-06-06 19:40:19] EDIT shavetzion/controllers/default.py: 1
[2018-06-06 19:40:37] EDIT shavetzion/controllers/default.py: 0
[2018-06-07 11:44:25] EDIT shavetzion/controllers/default.py: 0
[2018-06-07 11:45:17] EDIT shavetzion/controllers/default.py: 0
[2018-06-07 11:45:49] EDIT shavetzion/controllers/default.py: 0
[2018-06-07 11:46:10] EDIT shavetzion/controllers/default.py: 0
[2018-06-07 11:46:41] EDIT shavetzion/controllers/default.py: 0
[2018-06-07 11:47:40] EDIT shavetzion/controllers/default.py: 0
[2018-06-07 11:48:23] EDIT shavetzion/controllers/default.py: 0
[2018-06-07 11:48:57] EDIT shavetzion/controllers/default.py: 0
[2018-06-07 11:49:24] EDIT shavetzion/controllers/default.py: 0
[2018-06-07 11:50:02] EDIT shavetzion/controllers/default.py: 0
[2018-06-07 11:50:21] EDIT shavetzion/controllers/default.py: 0
[2018-06-07 11:50:39] EDIT shavetzion/controllers/default.py: 0
[2018-06-11 15:14:54] EDIT shavetzion/controllers/default.py: 0
[2018-06-11 15:15:24] EDIT shavetzion/controllers/default.py: 0
[2018-06-11 15:16:24] EDIT shavetzion/controllers/default.py: 0
[2018-06-11 15:16:52] EDIT shavetzion/controllers/default.py: 0
[2018-06-11 15:18:42] EDIT shavetzion/controllers/default.py: 0
[2018-06-11 15:20:02] EDIT shavetzion/controllers/default.py: 0
[2018-06-11 15:20:39] EDIT shavetzion/controllers/default.py: 0
[2018-06-11 15:21:13] EDIT shavetzion/controllers/default.py: 0
[2018-06-11 15:21:44] EDIT shavetzion/controllers/default.py: 0
[2018-06-11 15:23:08] EDIT shavetzion/controllers/default.py: 0
[2018-06-11 15:23:14] EDIT shavetzion/controllers/default.py: 0
[2018-06-11 15:23:53] EDIT shavetzion/controllers/default.py: 0
[2018-06-11 15:24:11] EDIT shavetzion/controllers/default.py: 0
[2018-06-11 15:24:33] EDIT shavetzion/controllers/default.py: 0
[2018-06-11 15:29:19] EDIT shavetzion/controllers/default.py: 6
[2018-06-11 15:29:46] EDIT shavetzion/controllers/default.py: 0
[2018-06-11 15:30:58] EDIT shavetzion/controllers/default.py: 0
[2018-06-11 18:05:22] EDIT shavetzion/controllers/default.py: 0
[2018-06-11 18:06:33] EDIT shavetzion/controllers/default.py: 0
[2018-06-11 18:08:10] EDIT shavetzion/controllers/default.py: 3
[2018-06-11 18:08:24] EDIT shavetzion/controllers/default.py: 0
[2018-06-11 18:11:02] EDIT shavetzion/controllers/default.py: 1
[2018-06-11 18:11:55] EDIT shavetzion/controllers/default.py: -1
[2018-06-11 18:12:54] EDIT shavetzion/controllers/default.py: 1
[2018-06-11 18:15:29] EDIT shavetzion/controllers/default.py: -1
[2018-06-11 18:59:22] EDIT shavetzion/views/default/show_fellow.html: 0
[2018-06-11 18:59:54] EDIT shavetzion/views/default/show_fellow.html: 0
[2018-06-11 19:00:08] EDIT shavetzion/views/default/show_fellow.html: 0
[2018-06-11 19:00:59] EDIT shavetzion/views/default/show_fellow.html: 2
[2018-06-11 19:01:21] EDIT shavetzion/views/default/show_fellow.html: 0
[2018-06-11 19:01:37] EDIT shavetzion/views/default/show_fellow.html: 0
[2018-06-11 19:01:56] EDIT shavetzion/controllers/default.py: 1
[2018-06-11 19:09:04] EDIT shavetzion/controllers/default.py: 11
[2018-06-11 19:09:37] EDIT shavetzion/controllers/default.py: 0
[2018-06-11 19:10:28] EDIT shavetzion/controllers/default.py: 2
[2018-06-11 19:21:22] EDIT shavetzion/controllers/default.py: 0
[2018-06-11 19:22:25] EDIT shavetzion/controllers/default.py: 0
[2018-06-11 19:22:45] EDIT shavetzion/controllers/default.py: 0
[2018-06-11 19:23:17] EDIT shavetzion/controllers/default.py: 0
[2018-06-11 19:23:30] EDIT shavetzion/controllers/default.py: 0
[2018-06-11 19:24:02] EDIT shavetzion/controllers/default.py: 1
[2018-06-13 16:24:05] EDIT shavetzion/controllers/default.py: 0
[2018-06-13 16:25:18] EDIT shavetzion/views/default/show_person.html: 17
[2018-06-13 16:25:55] EDIT shavetzion/views/default/show_person.html: -17
[2018-06-13 16:26:06] EDIT shavetzion/views/default/show_fellow.html: 17
[2018-06-13 16:28:14] EDIT shavetzion/views/default/show_fellow.html: 0
[2018-06-13 16:28:28] EDIT shavetzion/views/default/show_fellow.html: 0
[2018-06-13 16:28:52] EDIT shavetzion/views/default/show_fellow.html: -1
[2018-06-13 16:29:28] EDIT shavetzion/controllers/default.py: 0
[2018-06-13 16:29:42] EDIT shavetzion/controllers/default.py: 0
[2018-06-13 16:39:17] EDIT shavetzion/controllers/default.py: 0
[2018-06-13 16:39:33] EDIT shavetzion/controllers/default.py: 0
[2018-06-13 16:41:48] EDIT shavetzion/controllers/default.py: 1
[2018-06-13 16:42:10] EDIT shavetzion/controllers/default.py: 0
[2018-06-13 16:42:52] EDIT shavetzion/controllers/default.py: 0
[2018-06-13 16:47:05] EDIT shavetzion/controllers/default.py: 0
[2018-06-13 16:47:29] EDIT shavetzion/controllers/default.py: 0
[2018-06-13 16:47:48] EDIT shavetzion/controllers/default.py: 0
[2018-06-13 16:48:31] EDIT shavetzion/controllers/default.py: 0
[2018-06-13 16:48:41] EDIT shavetzion/controllers/default.py: 0
[2018-06-13 16:49:25] EDIT shavetzion/controllers/default.py: 0
[2018-06-13 16:51:14] EDIT shavetzion/controllers/default.py: 2
[2018-06-13 16:51:43] EDIT shavetzion/views/default/show_fellow.html: 0
[2018-06-13 16:51:55] EDIT shavetzion/views/default/show_fellow.html: 0
[2018-06-13 16:53:22] EDIT shavetzion/controllers/default.py: 0
[2018-06-13 16:53:58] EDIT shavetzion/controllers/default.py: 0
[2018-06-13 17:22:29] EDIT shavetzion/controllers/default.py: 0
[2018-06-13 17:22:51] EDIT shavetzion/views/default/show_fellow.html: 0
[2018-06-13 17:24:55] EDIT shavetzion/controllers/default.py: 2
[2018-06-13 17:25:27] EDIT shavetzion/controllers/default.py: 0
[2018-06-13 17:29:43] EDIT shavetzion/controllers/default.py: 0
[2018-06-13 17:32:23] EDIT shavetzion/controllers/default.py: 0
[2018-06-13 17:39:15] EDIT shavetzion/controllers/default.py: 0
[2018-06-13 17:39:42] EDIT shavetzion/controllers/default.py: 0
[2018-06-13 17:48:41] EDIT shavetzion/controllers/default.py: 1
[2018-06-13 17:49:06] EDIT shavetzion/controllers/default.py: 0
[2018-06-13 17:51:07] EDIT shavetzion/controllers/default.py: 0
[2018-06-13 17:51:32] EDIT shavetzion/controllers/default.py: 0
[2018-06-13 17:51:38] EDIT shavetzion/controllers/default.py: 0
[2018-06-13 17:53:22] EDIT shavetzion/controllers/default.py: 0
[2018-06-13 18:02:48] EDIT shavetzion/controllers/default.py: 0
[2018-06-13 18:03:50] EDIT shavetzion/controllers/default.py: -1
[2018-06-13 18:05:44] EDIT shavetzion/controllers/default.py: 0
[2018-06-13 18:06:13] EDIT shavetzion/controllers/default.py: 0
[2018-06-13 18:06:42] EDIT shavetzion/views/default/show_fellow.html: 2
[2018-06-13 18:07:02] EDIT shavetzion/views/default/show_fellow.html: 0
[2018-06-13 18:07:39] EDIT shavetzion/controllers/default.py: 0
[2018-06-13 18:08:35] EDIT shavetzion/views/default/show_fellow.html: 0
[2018-06-13 18:10:36] EDIT shavetzion/views/default/show_fellow.html: 1
[2018-06-13 18:11:03] EDIT shavetzion/views/default/show_fellow.html: -1
[2018-06-13 18:12:48] EDIT shavetzion/views/default/show_fellow.html: 2
[2018-06-13 18:13:04] EDIT shavetzion/views/default/show_fellow.html: 0
[2018-06-13 18:13:27] EDIT shavetzion/views/default/show_fellow.html: 0
[2018-06-13 18:13:55] EDIT shavetzion/views/default/show_fellow.html: 0
[2018-06-13 18:14:18] EDIT shavetzion/views/default/show_fellow.html: 0
[2018-06-13 18:14:48] EDIT shavetzion/views/default/show_fellow.html: 1
[2018-06-13 18:16:33] CREATE default/daf_sicum.html: 0
[2018-06-13 18:30:06] EDIT shavetzion/controllers/default.py: 14
[2018-06-13 18:30:53] EDIT shavetzion/controllers/default.py: 0
[2018-06-13 18:31:27] EDIT shavetzion/controllers/default.py: 0
[2018-06-13 18:33:18] EDIT shavetzion/controllers/default.py: 0
[2018-06-13 18:33:21] EDIT shavetzion/controllers/default.py: 0
[2018-06-13 18:41:35] EDIT shavetzion/views/default/daf_sicum.html: 28
[2018-06-13 18:42:07] EDIT shavetzion/controllers/default.py: 0
[2018-06-13 18:42:43] EDIT shavetzion/views/default/daf_sicum.html: 0
[2018-06-13 18:43:46] EDIT shavetzion/controllers/default.py: 0
[2018-06-13 18:44:34] EDIT shavetzion/controllers/default.py: 0
[2018-06-13 18:45:04] EDIT shavetzion/controllers/default.py: 0
[2018-06-13 18:46:57] EDIT shavetzion/controllers/default.py: 0
[2018-06-13 18:48:27] EDIT shavetzion/controllers/default.py: 0
[2018-06-13 18:50:50] EDIT shavetzion/controllers/default.py: 0
[2018-06-13 18:51:31] EDIT shavetzion/views/default/daf_sicum.html: 0
[2018-06-13 18:52:39] EDIT shavetzion/views/default/daf_sicum.html: 0
[2018-06-13 18:53:14] EDIT shavetzion/views/default/daf_sicum.html: 0
[2018-06-13 18:53:36] EDIT shavetzion/views/default/daf_sicum.html: 0
[2018-06-13 18:53:50] EDIT shavetzion/views/default/daf_sicum.html: 0
[2018-06-13 18:54:43] EDIT shavetzion/views/default/daf_sicum.html: 0
[2018-06-13 18:55:22] EDIT shavetzion/views/default/daf_sicum.html: 0
[2018-06-13 18:56:05] EDIT shavetzion/views/default/daf_sicum.html: 0
[2018-06-13 18:56:27] EDIT shavetzion/views/default/daf_sicum.html: -1
[2018-06-13 18:57:27] EDIT shavetzion/views/default/daf_sicum.html: 0
[2018-06-13 18:58:03] EDIT shavetzion/views/default/daf_sicum.html: 2
[2018-06-13 19:15:27] EDIT shavetzion/controllers/default.py: 4
[2018-06-13 19:16:25] EDIT shavetzion/views/default/daf_sicum.html: 6
[2018-06-13 19:17:10] EDIT shavetzion/views/default/daf_sicum.html: 0
[2018-06-13 19:17:27] EDIT shavetzion/views/default/daf_sicum.html: 0
[2018-06-13 19:18:24] EDIT shavetzion/views/default/daf_sicum.html: 0
[2018-06-17 07:38:38] EDIT shavetzion/views/default/daf_sicum.html: 5
[2018-06-17 07:40:13] EDIT shavetzion/views/default/daf_sicum.html: 3
[2018-06-17 07:41:19] EDIT shavetzion/views/default/daf_sicum.html: 0
[2018-06-17 07:41:43] EDIT shavetzion/views/default/daf_sicum.html: 0
[2018-06-17 07:42:20] EDIT shavetzion/views/default/daf_sicum.html: 0
[2018-06-17 07:43:10] EDIT shavetzion/views/default/daf_sicum.html: -2
[2018-06-17 07:43:31] EDIT shavetzion/views/default/daf_sicum.html: 0
[2018-06-17 07:43:41] EDIT shavetzion/views/default/daf_sicum.html: 0
[2018-06-17 07:44:41] EDIT shavetzion/views/default/daf_sicum.html: 0
[2018-06-17 07:45:49] EDIT shavetzion/views/default/daf_sicum.html: 0
[2018-06-17 07:46:07] EDIT shavetzion/views/default/daf_sicum.html: 0
[2018-06-17 07:46:40] EDIT shavetzion/views/default/daf_sicum.html: 0
[2018-06-17 07:47:01] EDIT shavetzion/views/default/daf_sicum.html: 0
[2018-06-17 07:47:17] EDIT shavetzion/views/default/daf_sicum.html: 0
[2018-06-17 07:48:35] EDIT shavetzion/views/default/daf_sicum.html: 32
[2018-06-17 07:49:02] EDIT shavetzion/views/default/daf_sicum.html: -33
[2018-06-17 07:49:19] EDIT shavetzion/views/default/daf_sicum.html: 1
[2018-06-17 07:49:42] EDIT shavetzion/views/default/daf_sicum.html: 0
[2018-06-17 07:50:36] EDIT shavetzion/views/default/daf_sicum.html: 2
[2018-06-17 07:50:57] EDIT shavetzion/views/default/daf_sicum.html: 0
[2018-06-17 07:55:41] EDIT shavetzion/controllers/default.py: 2
[2018-06-17 07:56:27] EDIT shavetzion/controllers/default.py: 0
[2018-06-17 08:00:26] EDIT shavetzion/controllers/default.py: 0
[2018-06-17 08:00:44] EDIT shavetzion/controllers/default.py: 0
[2018-06-17 08:01:00] EDIT shavetzion/controllers/default.py: 0
[2018-06-17 08:01:24] EDIT shavetzion/views/default/daf_sicum.html: 0
[2018-06-17 08:01:45] EDIT shavetzion/views/default/daf_sicum.html: 1
[2018-06-17 08:01:59] EDIT shavetzion/views/default/daf_sicum.html: 1
[2018-06-17 08:02:25] EDIT shavetzion/views/default/daf_sicum.html: 0
[2018-06-17 10:04:49] EDIT shavetzion/views/default/show_parashot.html: 0
[2018-06-17 10:05:24] EDIT shavetzion/views/default/show_parashot.html: 2
[2018-06-17 13:21:09] EDIT shavetzion/views/default/show_fellow.html: 0
[2018-06-18 14:01:49] EDIT shavetzion/views/default/show_fellow.html: -1
[2018-06-18 14:02:11] EDIT shavetzion/views/default/show_fellow.html: 1
[2018-06-18 14:47:46] EDIT shavetzion/models/tables.py: 0
[2018-06-18 14:50:11] EDIT shavetzion/models/tables.py: 0
[2018-06-18 15:34:08] EDIT shavetzion/models/tables.py: 0
[2018-06-18 15:34:39] EDIT shavetzion/models/tables.py: 0
[2018-06-18 16:20:44] EDIT shavetzion/models/menu.py: -5
[2018-06-18 16:22:18] EDIT shavetzion/models/menu.py: 0
[2018-06-18 16:25:01] EDIT shavetzion/models/menu.py: -84
[2018-06-18 16:25:42] EDIT shavetzion/models/menu.py: -3
[2018-06-18 16:26:19] EDIT shavetzion/models/menu.py: -5
[2018-06-19 09:18:24] EDIT shavetzion/views/default/daf_sicum.html: 0
[2018-06-19 09:23:06] EDIT shavetzion/controllers/default.py: 2
[2018-06-19 09:23:11] EDIT shavetzion/controllers/default.py: 0
[2018-06-19 09:39:50] EDIT shavetzion/controllers/default.py: 0
[2018-06-19 09:40:18] EDIT shavetzion/controllers/default.py: 0
[2018-06-19 09:40:49] EDIT shavetzion/controllers/default.py: 0
[2018-06-19 09:41:45] EDIT shavetzion/controllers/default.py: 0
[2018-06-19 09:43:05] EDIT shavetzion/views/default/daf_sicum.html: 0
[2018-06-19 16:32:55] EDIT shavetzion/models/tables.py: 0
[2018-06-19 16:47:07] EDIT shavetzion/views/default/daf_sicum.html: 0
[2018-06-19 16:47:46] EDIT shavetzion/views/default/daf_sicum.html: 0
[2018-06-19 16:50:27] EDIT shavetzion/views/default/daf_sicum.html: 0
[2018-06-26 18:09:09] EDIT shavetzion/controllers/default.py: 0
[2018-06-26 18:09:53] EDIT shavetzion/controllers/default.py: 0
[2018-06-26 18:10:10] EDIT shavetzion/controllers/default.py: 0
[2018-06-26 18:10:22] EDIT shavetzion/controllers/default.py: 0
[2018-06-26 18:13:47] EDIT shavetzion/controllers/default.py: 0
[2018-06-26 18:14:23] EDIT shavetzion/controllers/default.py: 0
[2018-06-26 18:16:09] EDIT shavetzion/views/default/show_parashot.html: 0
[2018-06-26 18:16:46] EDIT shavetzion/views/default/show_parashot.html: 0
[2018-06-26 18:20:32] EDIT shavetzion/views/default/show_parashot.html: 0
[2018-06-26 18:22:13] EDIT shavetzion/controllers/default.py: 0
[2018-06-26 19:14:46] EDIT shavetzion/models/tables.py: 0
[2018-06-26 19:18:39] EDIT shavetzion/controllers/default.py: 4
[2018-06-26 19:20:19] EDIT shavetzion/controllers/default.py: 0
[2018-06-26 19:20:36] EDIT shavetzion/controllers/default.py: 0
[2018-06-26 19:21:08] EDIT shavetzion/controllers/default.py: 0
[2018-06-26 19:21:25] EDIT shavetzion/controllers/default.py: 0
[2018-06-26 19:21:36] EDIT shavetzion/controllers/default.py: 0
[2018-06-26 19:22:02] EDIT shavetzion/controllers/default.py: 0
[2018-06-26 19:22:15] EDIT shavetzion/controllers/default.py: 0
[2018-06-26 19:23:34] EDIT shavetzion/controllers/default.py: 0
[2018-06-26 19:25:40] EDIT shavetzion/controllers/default.py: 0
[2018-06-26 19:26:01] EDIT shavetzion/controllers/default.py: 0
[2018-06-26 19:27:20] EDIT shavetzion/controllers/default.py: 2
[2018-06-26 19:28:26] EDIT shavetzion/controllers/default.py: 0
[2018-06-26 19:33:25] EDIT shavetzion/controllers/default.py: 0
[2018-07-01 15:33:05] EDIT shavetzion/controllers/default.py: 3
[2018-07-01 15:33:34] CREATE default/edit_fellow.html: 0
[2018-07-01 15:34:29] EDIT shavetzion/views/default/edit_fellow.html: 0
[2018-07-01 16:10:42] EDIT shavetzion/views/default/edit_fellow.html: 2
[2018-07-01 18:40:47] EDIT shavetzion/models/menu.py: 2
[2018-07-01 18:41:15] EDIT shavetzion/models/menu.py: 0
[2018-07-05 12:14:29] EDIT shavetzion/controllers/default.py: 0
[2018-07-08 12:53:50] EDIT shavetzion/views/layout.html: 0
[2018-07-09 07:38:04] EDIT shavetzion/controllers/default.py: 3
[2018-07-09 07:41:26] EDIT shavetzion/controllers/default.py: 0
[2018-07-09 07:43:11] EDIT shavetzion/views/default/daf_sicum.html: 3
[2018-07-09 07:45:47] EDIT shavetzion/controllers/default.py: 1
[2018-07-09 07:46:03] EDIT shavetzion/views/default/daf_sicum.html: 0
[2018-07-09 07:47:29] EDIT shavetzion/controllers/default.py: 0
[2018-07-09 07:48:46] EDIT shavetzion/views/default/daf_sicum.html: 2
[2018-07-09 07:49:28] EDIT shavetzion/views/default/daf_sicum.html: 0
[2018-07-09 07:49:44] EDIT shavetzion/views/default/daf_sicum.html: 0
[2018-07-09 07:50:02] EDIT shavetzion/views/default/daf_sicum.html: 0
[2018-07-09 07:50:27] EDIT shavetzion/views/default/daf_sicum.html: 0
[2018-07-09 07:50:53] EDIT shavetzion/views/default/daf_sicum.html: 0
[2018-07-09 07:51:04] EDIT shavetzion/views/default/daf_sicum.html: 0
[2018-07-11 11:15:49] EDIT shavetzion/controllers/default.py: 20
[2018-07-11 11:16:54] CREATE default/daf_sicum3.html: 0
[2018-07-11 11:18:16] EDIT shavetzion/views/default/daf_sicum3.html: 56
[2018-07-11 11:19:25] EDIT shavetzion/controllers/default.py: 0
[2018-07-11 11:19:51] EDIT shavetzion/controllers/default.py: 0
[2018-07-11 11:22:12] EDIT shavetzion/views/default/daf_sicum3.html: 0
[2018-07-12 07:20:53] EDIT shavetzion/controllers/default.py: 1
[2018-07-12 07:22:48] EDIT shavetzion/controllers/default.py: 1
[2018-07-12 07:23:23] EDIT shavetzion/controllers/default.py: 1
[2018-07-12 07:29:15] EDIT shavetzion/controllers/default.py: 1
[2018-07-12 07:30:11] EDIT shavetzion/controllers/default.py: 1
[2018-07-13 07:39:11] EDIT shavetzion/views/default/daf_sicum.html: 1
[2018-07-13 07:42:33] EDIT shavetzion/views/default/daf_sicum.html: 0
[2018-07-13 07:43:54] EDIT shavetzion/views/default/daf_sicum.html: 0
[2018-07-13 07:44:16] EDIT shavetzion/views/default/daf_sicum.html: 0
[2018-07-14 18:44:59] EDIT shavetzion/views/default/daf_sicum.html: 0
[2018-07-14 18:47:20] EDIT shavetzion/views/default/daf_sicum.html: 0
[2018-07-14 18:47:57] EDIT shavetzion/views/default/daf_sicum.html: 1
[2018-07-14 18:53:23] EDIT shavetzion/views/default/daf_sicum.html: 0
[2018-07-14 18:53:44] EDIT shavetzion/views/default/daf_sicum.html: 0
[2018-07-14 18:54:57] EDIT shavetzion/views/default/daf_sicum.html: 0
[2018-07-14 18:55:18] EDIT shavetzion/views/default/daf_sicum.html: 0
[2018-07-14 18:55:40] EDIT shavetzion/views/default/daf_sicum.html: 0
[2018-07-14 18:57:40] EDIT shavetzion/views/default/daf_sicum.html: 0
[2018-07-14 18:58:26] EDIT shavetzion/views/default/daf_sicum.html: 0
[2018-07-14 18:58:38] EDIT shavetzion/views/default/daf_sicum.html: 0
[2018-07-14 19:00:06] EDIT shavetzion/views/default/daf_sicum.html: 0
[2018-07-14 19:00:22] EDIT shavetzion/views/default/daf_sicum.html: 0
[2018-07-14 19:01:09] EDIT shavetzion/views/default/daf_sicum.html: 0
[2018-07-14 19:01:29] EDIT shavetzion/views/default/daf_sicum.html: 0
[2018-07-14 19:02:45] EDIT shavetzion/views/default/daf_sicum.html: 0
[2018-07-14 19:06:10] EDIT shavetzion/views/default/daf_sicum.html: 0
[2018-07-14 19:07:59] EDIT shavetzion/views/default/daf_sicum.html: 0
[2018-07-14 19:10:59] EDIT shavetzion/views/default/daf_sicum.html: 0
[2018-07-14 19:11:01] EDIT shavetzion/views/default/daf_sicum.html: -1
[2018-07-14 19:11:16] EDIT shavetzion/views/default/daf_sicum.html: 0
[2018-07-14 19:11:43] EDIT shavetzion/views/default/daf_sicum.html: 0
[2018-07-14 19:12:16] EDIT shavetzion/views/default/daf_sicum.html: 0
[2018-07-14 19:12:47] EDIT shavetzion/views/default/daf_sicum.html: 0
[2018-07-14 19:13:49] EDIT shavetzion/views/default/daf_sicum.html: 1
[2018-07-14 19:13:53] EDIT shavetzion/views/default/daf_sicum.html: 0
[2018-07-14 19:17:56] EDIT shavetzion/views/default/daf_sicum3.html: 2
[2018-07-15 15:33:16] EDIT shavetzion/controllers/default.py: 1
[2018-07-15 15:35:51] EDIT shavetzion/controllers/default.py: 1
[2018-07-15 15:36:04] EDIT shavetzion/controllers/default.py: 0
[2018-07-15 15:38:32] EDIT shavetzion/controllers/default.py: 0
[2018-07-15 15:48:34] EDIT shavetzion/models/menu.py: 0
[2018-07-15 15:49:05] EDIT shavetzion/models/menu.py: 0
[2018-07-15 15:50:43] EDIT shavetzion/models/menu.py: 0
[2018-07-15 15:51:52] EDIT shavetzion/models/menu.py: 5
[2018-07-15 15:52:15] EDIT shavetzion/models/menu.py: 0
[2018-07-15 15:53:50] EDIT shavetzion/models/menu.py: 4
[2018-07-15 15:53:53] EDIT shavetzion/models/menu.py: 0
[2018-07-15 15:54:58] EDIT shavetzion/models/menu.py: -4
[2018-07-15 15:55:58] EDIT shavetzion/models/menu.py: 0
[2018-07-15 15:57:24] EDIT shavetzion/models/menu.py: 4
[2018-07-15 15:58:10] EDIT shavetzion/models/menu.py: -5
[2018-07-15 16:04:17] EDIT shavetzion/models/tables.py: 1
[2018-07-15 16:16:59] EDIT shavetzion/controllers/default.py: 2
[2018-07-15 16:18:06] EDIT shavetzion/controllers/default.py: 3
[2018-07-18 15:40:28] EDIT shavetzion/views/default/show_parashot.html: 11
[2018-07-18 15:40:56] EDIT shavetzion/controllers/default.py: 3
[2018-07-18 15:55:15] EDIT shavetzion/controllers/default.py: 2
[2018-07-18 15:58:19] EDIT shavetzion/controllers/default.py: 2
[2018-07-18 16:00:18] EDIT shavetzion/controllers/default.py: 0
[2018-07-18 16:01:03] EDIT shavetzion/controllers/default.py: 0
[2018-07-18 16:01:13] EDIT shavetzion/controllers/default.py: 0
[2018-07-18 16:01:55] EDIT shavetzion/views/default/show_parashot.html: -11
[2018-07-18 16:18:37] EDIT shavetzion/controllers/default.py: -3
[2018-07-18 16:20:06] EDIT shavetzion/controllers/default.py: 1
[2018-07-18 16:29:57] EDIT shavetzion/models/tables.py: 2
[2018-07-18 16:30:26] EDIT shavetzion/controllers/default.py: -4
[2018-08-15 15:28:06] EDIT shavetzion/models/menu.py: 6
[2018-08-15 15:28:44] EDIT shavetzion/models/menu.py: 0
[2018-08-26 06:31:44] EDIT shavetzion/controllers/default.py: 0
[2018-08-26 06:57:00] EDIT shavetzion/controllers/default.py: 0
[2018-08-26 06:58:55] EDIT shavetzion/views/default/daf_sicum.html: 3
[2018-08-26 06:59:28] EDIT shavetzion/views/default/daf_sicum.html: 3
[2018-08-26 07:00:13] EDIT shavetzion/views/default/daf_sicum.html: 0
[2018-08-26 07:01:51] EDIT shavetzion/views/default/daf_sicum.html: 3
[2018-08-26 07:02:05] EDIT shavetzion/views/default/daf_sicum.html: 0
[2018-08-26 07:03:10] EDIT shavetzion/views/default/daf_sicum.html: 0
[2018-08-26 10:28:25] EDIT shavetzion/views/default/daf_sicum.html: 0
[2018-08-26 10:29:02] EDIT shavetzion/views/default/daf_sicum.html: 0
[2018-08-26 10:29:53] EDIT shavetzion/views/default/daf_sicum.html: 1
[2018-08-26 10:32:04] EDIT shavetzion/views/default/daf_sicum.html: 7
[2018-08-26 13:46:54] EDIT shavetzion/controllers/default.py: 0
[2018-08-26 13:48:57] EDIT shavetzion/controllers/default.py: 0
[2018-08-26 13:51:40] EDIT shavetzion/views/default/daf_sicum.html: -16
[2018-09-12 09:19:03] EDIT shavetzion/models/db.py: -1
[2018-09-12 09:26:19] EDIT shavetzion/models/db.py: 0
[2018-09-12 09:29:10] EDIT shavetzion/models/db.py: 0
[2018-09-12 10:33:26] EDIT shavetzion/models/db.py: 1
[2018-09-12 10:34:18] EDIT shavetzion/models/db.py: 0
[2018-09-12 10:34:51] EDIT shavetzion/models/db.py: 0
[2018-09-12 10:36:10] EDIT shavetzion/models/db.py: -1
[2018-09-12 10:37:03] EDIT shavetzion/models/db.py: 0
[2018-09-12 10:40:28] EDIT shavetzion/models/db.py: 0
[2018-09-12 11:01:27] EDIT shavetzion/models/db.py: 1
[2018-09-12 17:03:20] EDIT shavetzion/models/db.py: 0
[2018-09-12 17:15:35] EDIT shavetzion/models/db.py: 0
[2018-09-13 08:44:10] EDIT shavetzion/models/db.py: 0
[2018-09-13 08:47:23] EDIT shavetzion/models/db.py: 0
[2018-09-13 08:48:18] EDIT shavetzion/models/db.py: 0
[2018-09-13 08:49:26] EDIT shavetzion/models/db.py: 0
[2018-09-13 08:50:35] EDIT shavetzion/models/db.py: -2
[2018-09-13 08:50:47] EDIT shavetzion/models/db.py: -1
[2018-09-13 08:51:46] EDIT shavetzion/models/db.py: 1
[2018-09-13 08:52:29] EDIT shavetzion/models/db.py: 0
[2018-09-13 08:58:11] EDIT shavetzion/models/db.py: 0
[2018-09-13 09:00:15] EDIT shavetzion/models/db.py: 0
[2018-09-13 09:34:16] EDIT shavetzion/models/db.py: 0
[2018-09-13 09:35:10] EDIT shavetzion/models/db.py: 0
[2018-09-20 06:28:22] EDIT shavetzion/controllers/default.py: 2
[2018-09-20 06:28:27] EDIT shavetzion/controllers/default.py: 0
[2018-09-20 06:28:31] EDIT shavetzion/controllers/default.py: 0
[2018-09-20 06:31:11] EDIT shavetzion/controllers/default.py: 4
[2018-09-20 06:36:43] EDIT shavetzion/controllers/default.py: -6
[2019-05-12 15:22:38] EDIT shavetzion/controllers/default.py: 0
[2019-05-12 15:25:04] EDIT shavetzion/controllers/default.py: 0
[2019-05-12 15:37:48] EDIT shavetzion/controllers/default.py: 0
[2019-05-12 15:39:24] EDIT shavetzion/controllers/default.py: 0
[2019-05-12 15:39:48] EDIT shavetzion/controllers/default.py: 0
[2019-05-12 15:40:54] EDIT shavetzion/controllers/default.py: 0
[2019-05-12 15:41:07] EDIT shavetzion/controllers/default.py: 0
[2019-05-12 15:42:25] EDIT shavetzion/controllers/default.py: 0
[2019-05-12 15:43:53] EDIT shavetzion/controllers/default.py: 0
[2019-05-12 15:45:46] EDIT shavetzion/controllers/default.py: 1
[2019-05-12 15:49:08] EDIT shavetzion/controllers/default.py: -1
[2019-05-12 15:54:21] EDIT shavetzion/controllers/default.py: 3
[2019-10-16 12:52:50] EDIT shavetzion/views/default/daf_sicum3.html: 0
[2019-10-16 12:53:38] EDIT shavetzion/views/default/daf_sicum3.html: 0
[2019-10-16 12:58:14] EDIT shavetzion/views/default/daf_sicum3.html: 0
[2019-10-16 12:58:31] EDIT shavetzion/views/default/daf_sicum3.html: 0
[2019-10-16 12:58:56] EDIT shavetzion/views/default/daf_sicum3.html: 0
[2019-10-16 12:59:36] EDIT shavetzion/views/default/daf_sicum3.html: 0
[2019-10-16 13:00:28] EDIT shavetzion/views/default/daf_sicum3.html: 0
[2019-10-16 13:00:41] EDIT shavetzion/views/default/daf_sicum3.html: 0
[2019-10-16 13:00:57] EDIT shavetzion/views/default/daf_sicum3.html: 0
[2019-10-16 13:01:08] EDIT shavetzion/views/default/daf_sicum3.html: 0
[2019-10-16 13:06:55] EDIT shavetzion/controllers/default.py: 22
[2019-10-16 13:10:37] CREATE default/daf_sicum4.html: 0
[2019-10-16 13:12:06] EDIT shavetzion/views/default/daf_sicum4.html: 63
[2019-10-16 13:13:10] EDIT shavetzion/views/default/daf_sicum4.html: 1
[2019-10-16 13:16:27] EDIT shavetzion/models/menu.py: 1
[2019-10-16 13:18:05] EDIT shavetzion/views/default/daf_sicum3.html: 0
[2020-06-03 08:28:32] EDIT mekorhaim/models/db.py: 0
[2020-06-04 11:09:15] EDIT mekorhaim/controllers/default.py: 6
[2020-06-04 11:09:56] CREATE default/show_tfila.html.py: 0
[2020-06-04 11:10:21] DELETE mekorhaim/controllers/default/show_tfila.html.py: -1
[2020-06-04 11:10:38] CREATE default/show_tfila.html: 0
[2020-06-04 11:11:28] EDIT mekorhaim/views/default/show_tfila.html: 2
[2020-06-04 11:12:55] EDIT mekorhaim/models/menu.py: 1
[2020-06-04 12:14:54] EDIT mekorhaim/controllers/default.py: 45
[2020-06-04 12:15:35] EDIT mekorhaim/controllers/default.py: 0
[2020-06-04 12:16:39] CREATE default/listing.html: 0
[2020-06-04 12:37:17] EDIT mekorhaim/controllers/default.py: 90
[2020-06-04 12:39:08] EDIT mekorhaim/controllers/default.py: -20
[2020-06-04 12:42:58] CREATE default/daf_hadpasa.html: 0
[2020-06-04 12:47:16] EDIT mekorhaim/controllers/default.py: 5
[2020-06-04 12:49:38] EDIT mekorhaim/controllers/default.py: -3
[2020-06-04 12:50:12] EDIT mekorhaim/controllers/default.py: -1
[2020-06-04 12:50:47] EDIT mekorhaim/controllers/default.py: 2
[2020-06-04 12:51:09] EDIT mekorhaim/controllers/default.py: 2
[2020-06-04 12:51:33] EDIT mekorhaim/controllers/default.py: 3
[2020-06-04 12:52:26] EDIT mekorhaim/controllers/default.py: 0
[2020-06-04 12:53:40] EDIT mekorhaim/controllers/default.py: 0
[2020-06-04 12:54:44] EDIT mekorhaim/controllers/default.py: 0
[2020-06-04 12:56:17] EDIT mekorhaim/controllers/default.py: 0
[2020-06-04 12:56:48] EDIT mekorhaim/controllers/default.py: 0
[2020-06-04 12:57:31] EDIT mekorhaim/controllers/default.py: 0
[2020-06-04 12:59:09] EDIT mekorhaim/controllers/default.py: 2
[2020-06-04 13:00:03] EDIT mekorhaim/controllers/default.py: 0
[2020-06-04 13:00:08] EDIT mekorhaim/controllers/default.py: 0
[2020-06-04 13:04:51] EDIT mekorhaim/controllers/default.py: 0
[2020-06-04 13:05:23] EDIT mekorhaim/controllers/default.py: 0
[2020-06-04 13:05:46] EDIT mekorhaim/controllers/default.py: 0
[2020-06-04 13:06:09] EDIT mekorhaim/controllers/default.py: 0
[2020-06-04 13:06:22] EDIT mekorhaim/controllers/default.py: 0
[2020-06-04 13:06:34] EDIT mekorhaim/controllers/default.py: 0
[2020-06-04 13:07:01] EDIT mekorhaim/controllers/default.py: 0
[2020-06-04 13:07:27] EDIT mekorhaim/controllers/default.py: 0
[2020-06-04 13:07:56] EDIT mekorhaim/controllers/default.py: 0
[2020-06-05 06:58:07] EDIT mekorhaim/views/default/daf_hadpasa.html: 2
[2020-06-05 07:03:36] EDIT mekorhaim/controllers/default.py: 2
[2020-06-05 07:03:38] EDIT mekorhaim/controllers/default.py: 0
[2020-06-05 07:32:39] EDIT mekorhaim/controllers/default.py: 1
[2020-06-14 13:52:15] EDIT mekorhaim/models/tables.py: 0
[2020-06-14 13:52:40] EDIT mekorhaim/models/tables.py: 0
[2020-06-14 13:52:48] EDIT mekorhaim/models/tables.py: 0
[2020-06-15 07:12:59] EDIT mekorhaim/models/tables.py: 0
[2020-06-15 17:25:09] EDIT mekorhaim/controllers/default.py: 2
[2020-06-15 17:27:41] EDIT mekorhaim/controllers/default.py: 0
[2020-06-15 17:28:53] EDIT mekorhaim/controllers/default.py: 0
[2020-06-15 17:41:03] EDIT mekorhaim/controllers/default.py: 0
[2020-12-04 08:37:00] EDIT ohelshem/views/default/daf_sicum.html: 0
[2020-12-04 08:38:27] EDIT ohelshem/views/default/daf_sicum.html: 0
[2020-12-04 08:38:39] EDIT ohelshem/views/default/daf_sicum.html: 0
[2020-12-04 08:39:34] EDIT ohelshem/views/default/daf_sicum.html: 0
[2020-12-04 08:40:32] EDIT ohelshem/views/default/daf_sicum3.html: 0
[2020-12-04 08:40:46] EDIT ohelshem/views/default/daf_sicum4.html: 0
